<?xml version="1.0" encoding="UTF-8"?>
<!-- Generated by org.testng.reporters.JUnitReportReporter -->
<testsuite hostname="DESKTOP-A7U52L2" failures="0" tests="1" name="create_Lead.Demo" time="0.020" errors="0" timestamp="2024-09-19T15:30:38 IST" skipped="0">
  <testcase classname="create_Lead.Demo" name="test" time="0.020"/>
</testsuite> <!-- create_Lead.Demo -->
